<?xml version="1.0" encoding="UTF-8"?>
<testsuite xmlns:xsi="http://www.w3.org/2001/XMLSchema-instance" xsi:noNamespaceSchemaLocation="https://maven.apache.org/surefire/maven-surefire-plugin/xsd/surefire-test-report.xsd" name="com.example.demo.DemoApplicationTests" time="1.649" tests="1" errors="0" skipped="0" failures="0">
  <properties>
    <property name="awt.toolkit" value="sun.awt.X11.XToolkit"/>
    <property name="file.encoding.pkg" value="sun.io"/>
    <property name="java.specification.version" value="1.8"/>
    <property name="sun.cpu.isalist" value=""/>
    <property name="sun.jnu.encoding" value="UTF-8"/>
    <property name="java.class.path" value="/home/stud2018/kocsis12/Downloads/demo (2)/target/test-classes:/home/stud2018/kocsis12/Downloads/demo (2)/target/classes:/tmp/.m2/repositories/org/springframework/boot/spring-boot-starter-web/2.5.5/spring-boot-starter-web-2.5.5.jar:/tmp/.m2/repositories/org/springframework/boot/spring-boot-starter/2.5.5/spring-boot-starter-2.5.5.jar:/tmp/.m2/repositories/org/springframework/boot/spring-boot/2.5.5/spring-boot-2.5.5.jar:/tmp/.m2/repositories/org/springframework/boot/spring-boot-autoconfigure/2.5.5/spring-boot-autoconfigure-2.5.5.jar:/tmp/.m2/repositories/org/springframework/boot/spring-boot-starter-logging/2.5.5/spring-boot-starter-logging-2.5.5.jar:/tmp/.m2/repositories/ch/qos/logback/logback-classic/1.2.6/logback-classic-1.2.6.jar:/tmp/.m2/repositories/ch/qos/logback/logback-core/1.2.6/logback-core-1.2.6.jar:/tmp/.m2/repositories/org/apache/logging/log4j/log4j-to-slf4j/2.14.1/log4j-to-slf4j-2.14.1.jar:/tmp/.m2/repositories/org/apache/logging/log4j/log4j-api/2.14.1/log4j-api-2.14.1.jar:/tmp/.m2/repositories/org/slf4j/jul-to-slf4j/1.7.32/jul-to-slf4j-1.7.32.jar:/tmp/.m2/repositories/jakarta/annotation/jakarta.annotation-api/1.3.5/jakarta.annotation-api-1.3.5.jar:/tmp/.m2/repositories/org/yaml/snakeyaml/1.28/snakeyaml-1.28.jar:/tmp/.m2/repositories/org/springframework/boot/spring-boot-starter-json/2.5.5/spring-boot-starter-json-2.5.5.jar:/tmp/.m2/repositories/com/fasterxml/jackson/core/jackson-databind/2.12.5/jackson-databind-2.12.5.jar:/tmp/.m2/repositories/com/fasterxml/jackson/core/jackson-annotations/2.12.5/jackson-annotations-2.12.5.jar:/tmp/.m2/repositories/com/fasterxml/jackson/core/jackson-core/2.12.5/jackson-core-2.12.5.jar:/tmp/.m2/repositories/com/fasterxml/jackson/datatype/jackson-datatype-jdk8/2.12.5/jackson-datatype-jdk8-2.12.5.jar:/tmp/.m2/repositories/com/fasterxml/jackson/datatype/jackson-datatype-jsr310/2.12.5/jackson-datatype-jsr310-2.12.5.jar:/tmp/.m2/repositories/com/fasterxml/jackson/module/jackson-module-parameter-names/2.12.5/jackson-module-parameter-names-2.12.5.jar:/tmp/.m2/repositories/org/springframework/boot/spring-boot-starter-tomcat/2.5.5/spring-boot-starter-tomcat-2.5.5.jar:/tmp/.m2/repositories/org/apache/tomcat/embed/tomcat-embed-core/9.0.53/tomcat-embed-core-9.0.53.jar:/tmp/.m2/repositories/org/apache/tomcat/embed/tomcat-embed-el/9.0.53/tomcat-embed-el-9.0.53.jar:/tmp/.m2/repositories/org/apache/tomcat/embed/tomcat-embed-websocket/9.0.53/tomcat-embed-websocket-9.0.53.jar:/tmp/.m2/repositories/org/springframework/spring-web/5.3.10/spring-web-5.3.10.jar:/tmp/.m2/repositories/org/springframework/spring-beans/5.3.10/spring-beans-5.3.10.jar:/tmp/.m2/repositories/org/springframework/spring-webmvc/5.3.10/spring-webmvc-5.3.10.jar:/tmp/.m2/repositories/org/springframework/spring-aop/5.3.10/spring-aop-5.3.10.jar:/tmp/.m2/repositories/org/springframework/spring-context/5.3.10/spring-context-5.3.10.jar:/tmp/.m2/repositories/org/springframework/spring-expression/5.3.10/spring-expression-5.3.10.jar:/tmp/.m2/repositories/org/springframework/boot/spring-boot-starter-test/2.5.5/spring-boot-starter-test-2.5.5.jar:/tmp/.m2/repositories/org/springframework/boot/spring-boot-test/2.5.5/spring-boot-test-2.5.5.jar:/tmp/.m2/repositories/org/springframework/boot/spring-boot-test-autoconfigure/2.5.5/spring-boot-test-autoconfigure-2.5.5.jar:/tmp/.m2/repositories/com/jayway/jsonpath/json-path/2.5.0/json-path-2.5.0.jar:/tmp/.m2/repositories/net/minidev/json-smart/2.4.7/json-smart-2.4.7.jar:/tmp/.m2/repositories/net/minidev/accessors-smart/2.4.7/accessors-smart-2.4.7.jar:/tmp/.m2/repositories/org/ow2/asm/asm/9.1/asm-9.1.jar:/tmp/.m2/repositories/org/slf4j/slf4j-api/1.7.32/slf4j-api-1.7.32.jar:/tmp/.m2/repositories/jakarta/xml/bind/jakarta.xml.bind-api/2.3.3/jakarta.xml.bind-api-2.3.3.jar:/tmp/.m2/repositories/jakarta/activation/jakarta.activation-api/1.2.2/jakarta.activation-api-1.2.2.jar:/tmp/.m2/repositories/org/assertj/assertj-core/3.19.0/assertj-core-3.19.0.jar:/tmp/.m2/repositories/org/hamcrest/hamcrest/2.2/hamcrest-2.2.jar:/tmp/.m2/repositories/org/junit/jupiter/junit-jupiter/5.7.2/junit-jupiter-5.7.2.jar:/tmp/.m2/repositories/org/junit/jupiter/junit-jupiter-api/5.7.2/junit-jupiter-api-5.7.2.jar:/tmp/.m2/repositories/org/apiguardian/apiguardian-api/1.1.0/apiguardian-api-1.1.0.jar:/tmp/.m2/repositories/org/opentest4j/opentest4j/1.2.0/opentest4j-1.2.0.jar:/tmp/.m2/repositories/org/junit/platform/junit-platform-commons/1.7.2/junit-platform-commons-1.7.2.jar:/tmp/.m2/repositories/org/junit/jupiter/junit-jupiter-params/5.7.2/junit-jupiter-params-5.7.2.jar:/tmp/.m2/repositories/org/junit/jupiter/junit-jupiter-engine/5.7.2/junit-jupiter-engine-5.7.2.jar:/tmp/.m2/repositories/org/junit/platform/junit-platform-engine/1.7.2/junit-platform-engine-1.7.2.jar:/tmp/.m2/repositories/org/mockito/mockito-core/3.9.0/mockito-core-3.9.0.jar:/tmp/.m2/repositories/net/bytebuddy/byte-buddy/1.10.22/byte-buddy-1.10.22.jar:/tmp/.m2/repositories/net/bytebuddy/byte-buddy-agent/1.10.22/byte-buddy-agent-1.10.22.jar:/tmp/.m2/repositories/org/objenesis/objenesis/3.2/objenesis-3.2.jar:/tmp/.m2/repositories/org/mockito/mockito-junit-jupiter/3.9.0/mockito-junit-jupiter-3.9.0.jar:/tmp/.m2/repositories/org/skyscreamer/jsonassert/1.5.0/jsonassert-1.5.0.jar:/tmp/.m2/repositories/com/vaadin/external/google/android-json/0.0.20131108.vaadin1/android-json-0.0.20131108.vaadin1.jar:/tmp/.m2/repositories/org/springframework/spring-core/5.3.10/spring-core-5.3.10.jar:/tmp/.m2/repositories/org/springframework/spring-jcl/5.3.10/spring-jcl-5.3.10.jar:/tmp/.m2/repositories/org/springframework/spring-test/5.3.10/spring-test-5.3.10.jar:/tmp/.m2/repositories/org/xmlunit/xmlunit-core/2.8.2/xmlunit-core-2.8.2.jar:"/>
    <property name="java.vm.vendor" value="Oracle Corporation"/>
    <property name="sun.arch.data.model" value="64"/>
    <property name="java.vendor.url" value="http://java.oracle.com/"/>
    <property name="user.timezone" value=""/>
    <property name="java.vm.specification.version" value="1.8"/>
    <property name="os.name" value="Linux"/>
    <property name="user.country" value="US"/>
    <property name="sun.java.launcher" value="SUN_STANDARD"/>
    <property name="sun.boot.library.path" value="/usr/lib/jvm/java-8-openjdk-amd64/jre/lib/amd64"/>
    <property name="sun.java.command" value="/home/stud2018/kocsis12/Downloads/demo (2)/target/surefire/surefirebooter825277524763328988.jar /home/stud2018/kocsis12/Downloads/demo (2)/target/surefire 2021-10-15T17-37-16_666-jvmRun1 surefire5654060779648498067tmp surefire_08545207403260526210tmp"/>
    <property name="surefire.test.class.path" value="/home/stud2018/kocsis12/Downloads/demo (2)/target/test-classes:/home/stud2018/kocsis12/Downloads/demo (2)/target/classes:/tmp/.m2/repositories/org/springframework/boot/spring-boot-starter-web/2.5.5/spring-boot-starter-web-2.5.5.jar:/tmp/.m2/repositories/org/springframework/boot/spring-boot-starter/2.5.5/spring-boot-starter-2.5.5.jar:/tmp/.m2/repositories/org/springframework/boot/spring-boot/2.5.5/spring-boot-2.5.5.jar:/tmp/.m2/repositories/org/springframework/boot/spring-boot-autoconfigure/2.5.5/spring-boot-autoconfigure-2.5.5.jar:/tmp/.m2/repositories/org/springframework/boot/spring-boot-starter-logging/2.5.5/spring-boot-starter-logging-2.5.5.jar:/tmp/.m2/repositories/ch/qos/logback/logback-classic/1.2.6/logback-classic-1.2.6.jar:/tmp/.m2/repositories/ch/qos/logback/logback-core/1.2.6/logback-core-1.2.6.jar:/tmp/.m2/repositories/org/apache/logging/log4j/log4j-to-slf4j/2.14.1/log4j-to-slf4j-2.14.1.jar:/tmp/.m2/repositories/org/apache/logging/log4j/log4j-api/2.14.1/log4j-api-2.14.1.jar:/tmp/.m2/repositories/org/slf4j/jul-to-slf4j/1.7.32/jul-to-slf4j-1.7.32.jar:/tmp/.m2/repositories/jakarta/annotation/jakarta.annotation-api/1.3.5/jakarta.annotation-api-1.3.5.jar:/tmp/.m2/repositories/org/yaml/snakeyaml/1.28/snakeyaml-1.28.jar:/tmp/.m2/repositories/org/springframework/boot/spring-boot-starter-json/2.5.5/spring-boot-starter-json-2.5.5.jar:/tmp/.m2/repositories/com/fasterxml/jackson/core/jackson-databind/2.12.5/jackson-databind-2.12.5.jar:/tmp/.m2/repositories/com/fasterxml/jackson/core/jackson-annotations/2.12.5/jackson-annotations-2.12.5.jar:/tmp/.m2/repositories/com/fasterxml/jackson/core/jackson-core/2.12.5/jackson-core-2.12.5.jar:/tmp/.m2/repositories/com/fasterxml/jackson/datatype/jackson-datatype-jdk8/2.12.5/jackson-datatype-jdk8-2.12.5.jar:/tmp/.m2/repositories/com/fasterxml/jackson/datatype/jackson-datatype-jsr310/2.12.5/jackson-datatype-jsr310-2.12.5.jar:/tmp/.m2/repositories/com/fasterxml/jackson/module/jackson-module-parameter-names/2.12.5/jackson-module-parameter-names-2.12.5.jar:/tmp/.m2/repositories/org/springframework/boot/spring-boot-starter-tomcat/2.5.5/spring-boot-starter-tomcat-2.5.5.jar:/tmp/.m2/repositories/org/apache/tomcat/embed/tomcat-embed-core/9.0.53/tomcat-embed-core-9.0.53.jar:/tmp/.m2/repositories/org/apache/tomcat/embed/tomcat-embed-el/9.0.53/tomcat-embed-el-9.0.53.jar:/tmp/.m2/repositories/org/apache/tomcat/embed/tomcat-embed-websocket/9.0.53/tomcat-embed-websocket-9.0.53.jar:/tmp/.m2/repositories/org/springframework/spring-web/5.3.10/spring-web-5.3.10.jar:/tmp/.m2/repositories/org/springframework/spring-beans/5.3.10/spring-beans-5.3.10.jar:/tmp/.m2/repositories/org/springframework/spring-webmvc/5.3.10/spring-webmvc-5.3.10.jar:/tmp/.m2/repositories/org/springframework/spring-aop/5.3.10/spring-aop-5.3.10.jar:/tmp/.m2/repositories/org/springframework/spring-context/5.3.10/spring-context-5.3.10.jar:/tmp/.m2/repositories/org/springframework/spring-expression/5.3.10/spring-expression-5.3.10.jar:/tmp/.m2/repositories/org/springframework/boot/spring-boot-starter-test/2.5.5/spring-boot-starter-test-2.5.5.jar:/tmp/.m2/repositories/org/springframework/boot/spring-boot-test/2.5.5/spring-boot-test-2.5.5.jar:/tmp/.m2/repositories/org/springframework/boot/spring-boot-test-autoconfigure/2.5.5/spring-boot-test-autoconfigure-2.5.5.jar:/tmp/.m2/repositories/com/jayway/jsonpath/json-path/2.5.0/json-path-2.5.0.jar:/tmp/.m2/repositories/net/minidev/json-smart/2.4.7/json-smart-2.4.7.jar:/tmp/.m2/repositories/net/minidev/accessors-smart/2.4.7/accessors-smart-2.4.7.jar:/tmp/.m2/repositories/org/ow2/asm/asm/9.1/asm-9.1.jar:/tmp/.m2/repositories/org/slf4j/slf4j-api/1.7.32/slf4j-api-1.7.32.jar:/tmp/.m2/repositories/jakarta/xml/bind/jakarta.xml.bind-api/2.3.3/jakarta.xml.bind-api-2.3.3.jar:/tmp/.m2/repositories/jakarta/activation/jakarta.activation-api/1.2.2/jakarta.activation-api-1.2.2.jar:/tmp/.m2/repositories/org/assertj/assertj-core/3.19.0/assertj-core-3.19.0.jar:/tmp/.m2/repositories/org/hamcrest/hamcrest/2.2/hamcrest-2.2.jar:/tmp/.m2/repositories/org/junit/jupiter/junit-jupiter/5.7.2/junit-jupiter-5.7.2.jar:/tmp/.m2/repositories/org/junit/jupiter/junit-jupiter-api/5.7.2/junit-jupiter-api-5.7.2.jar:/tmp/.m2/repositories/org/apiguardian/apiguardian-api/1.1.0/apiguardian-api-1.1.0.jar:/tmp/.m2/repositories/org/opentest4j/opentest4j/1.2.0/opentest4j-1.2.0.jar:/tmp/.m2/repositories/org/junit/platform/junit-platform-commons/1.7.2/junit-platform-commons-1.7.2.jar:/tmp/.m2/repositories/org/junit/jupiter/junit-jupiter-params/5.7.2/junit-jupiter-params-5.7.2.jar:/tmp/.m2/repositories/org/junit/jupiter/junit-jupiter-engine/5.7.2/junit-jupiter-engine-5.7.2.jar:/tmp/.m2/repositories/org/junit/platform/junit-platform-engine/1.7.2/junit-platform-engine-1.7.2.jar:/tmp/.m2/repositories/org/mockito/mockito-core/3.9.0/mockito-core-3.9.0.jar:/tmp/.m2/repositories/net/bytebuddy/byte-buddy/1.10.22/byte-buddy-1.10.22.jar:/tmp/.m2/repositories/net/bytebuddy/byte-buddy-agent/1.10.22/byte-buddy-agent-1.10.22.jar:/tmp/.m2/repositories/org/objenesis/objenesis/3.2/objenesis-3.2.jar:/tmp/.m2/repositories/org/mockito/mockito-junit-jupiter/3.9.0/mockito-junit-jupiter-3.9.0.jar:/tmp/.m2/repositories/org/skyscreamer/jsonassert/1.5.0/jsonassert-1.5.0.jar:/tmp/.m2/repositories/com/vaadin/external/google/android-json/0.0.20131108.vaadin1/android-json-0.0.20131108.vaadin1.jar:/tmp/.m2/repositories/org/springframework/spring-core/5.3.10/spring-core-5.3.10.jar:/tmp/.m2/repositories/org/springframework/spring-jcl/5.3.10/spring-jcl-5.3.10.jar:/tmp/.m2/repositories/org/springframework/spring-test/5.3.10/spring-test-5.3.10.jar:/tmp/.m2/repositories/org/xmlunit/xmlunit-core/2.8.2/xmlunit-core-2.8.2.jar:"/>
    <property name="sun.cpu.endian" value="little"/>
    <property name="user.home" value="/home/stud2018/kocsis12"/>
    <property name="user.language" value="en"/>
    <property name="java.specification.vendor" value="Oracle Corporation"/>
    <property name="java.home" value="/usr/lib/jvm/java-8-openjdk-amd64/jre"/>
    <property name="basedir" value="/home/stud2018/kocsis12/Downloads/demo (2)"/>
    <property name="file.separator" value="/"/>
    <property name="line.separator" value="&#10;"/>
    <property name="java.vm.specification.vendor" value="Oracle Corporation"/>
    <property name="java.specification.name" value="Java Platform API Specification"/>
    <property name="java.awt.graphicsenv" value="sun.awt.X11GraphicsEnvironment"/>
    <property name="surefire.real.class.path" value="/home/stud2018/kocsis12/Downloads/demo (2)/target/surefire/surefirebooter825277524763328988.jar"/>
    <property name="sun.boot.class.path" value="/usr/lib/jvm/java-8-openjdk-amd64/jre/lib/resources.jar:/usr/lib/jvm/java-8-openjdk-amd64/jre/lib/rt.jar:/usr/lib/jvm/java-8-openjdk-amd64/jre/lib/sunrsasign.jar:/usr/lib/jvm/java-8-openjdk-amd64/jre/lib/jsse.jar:/usr/lib/jvm/java-8-openjdk-amd64/jre/lib/jce.jar:/usr/lib/jvm/java-8-openjdk-amd64/jre/lib/charsets.jar:/usr/lib/jvm/java-8-openjdk-amd64/jre/lib/jfr.jar:/usr/lib/jvm/java-8-openjdk-amd64/jre/classes"/>
    <property name="sun.management.compiler" value="HotSpot 64-Bit Tiered Compilers"/>
    <property name="java.runtime.version" value="1.8.0_181-8u181-b13-0ubuntu0.16.04.1-b13"/>
    <property name="user.name" value="kocsis12"/>
    <property name="path.separator" value=":"/>
    <property name="os.version" value="4.4.0-127-generic"/>
    <property name="java.endorsed.dirs" value="/usr/lib/jvm/java-8-openjdk-amd64/jre/lib/endorsed"/>
    <property name="java.runtime.name" value="OpenJDK Runtime Environment"/>
    <property name="file.encoding" value="UTF-8"/>
    <property name="java.vm.name" value="OpenJDK 64-Bit Server VM"/>
    <property name="localRepository" value="/tmp/.m2/repositories"/>
    <property name="java.vendor.url.bug" value="http://bugreport.sun.com/bugreport/"/>
    <property name="java.io.tmpdir" value="/tmp"/>
    <property name="java.version" value="1.8.0_181"/>
    <property name="user.dir" value="/home/stud2018/kocsis12/Downloads/demo (2)"/>
    <property name="os.arch" value="amd64"/>
    <property name="java.vm.specification.name" value="Java Virtual Machine Specification"/>
    <property name="java.awt.printerjob" value="sun.print.PSPrinterJob"/>
    <property name="sun.os.patch.level" value="unknown"/>
    <property name="java.library.path" value="/usr/java/packages/lib/amd64:/usr/lib/x86_64-linux-gnu/jni:/lib/x86_64-linux-gnu:/usr/lib/x86_64-linux-gnu:/usr/lib/jni:/lib:/usr/lib"/>
    <property name="java.vm.info" value="mixed mode"/>
    <property name="java.vendor" value="Oracle Corporation"/>
    <property name="java.vm.version" value="25.181-b13"/>
    <property name="java.ext.dirs" value="/usr/lib/jvm/java-8-openjdk-amd64/jre/lib/ext:/usr/java/packages/lib/ext"/>
    <property name="sun.io.unicode.encoding" value="UnicodeLittle"/>
    <property name="java.class.version" value="52.0"/>
  </properties>
  <testcase name="contextLoads" classname="com.example.demo.DemoApplicationTests" time="0.117"/>
</testsuite>